2024-04-04 02 9917
2024-04-04 03 14918
2024-04-04 04 17077
2024-04-04 05 11505
2024-04-05 02 20243
2024-04-05 03 33758
2024-04-05 04 44546
2024-04-05 05 6886
2024-04-06 02 33157
2024-04-06 03 55621
2024-04-06 04 75710
2024-04-06 05 36660
2024-04-07 02 26267
2024-04-07 03 42784
2024-04-07 04 55848
2024-04-07 05 29208
2024-04-08 02 26371
2024-04-08 03 43179
2024-04-08 04 57379
2024-04-08 05 29361
2024-04-09 02 7482
2024-04-09 03 12388
2024-04-09 04 13109
2024-04-09 05 9183
2024-04-10 02 28981
2024-04-10 03 47047
2024-04-10 04 63489
2024-04-10 05 32432
2024-04-11 02 35101
2024-04-11 03 56341
2024-04-11 04 74601
2024-04-11 05 39197
2024-04-12 02 35840
2024-04-12 03 58161
2024-04-12 04 77801
2024-04-12 05 39823
2024-04-13 02 34700
2024-04-13 03 55734
2024-04-13 04 74460
2024-04-13 05 38657
2024-04-14 02 28313
2024-04-14 03 43313
2024-04-14 04 55391
2024-04-14 05 31370
2024-04-15 02 21455
2024-04-15 03 33604
2024-04-15 04 41583
2024-04-15 05 24358
2024-04-16 02 14227
2024-04-16 03 21842
2024-04-16 04 25623
2024-04-16 05 15978
2024-04-17 02 23041
2024-04-17 03 35644
2024-04-17 04 45889
2024-04-17 05 25432
2024-04-18 02 22849
2024-04-18 03 33386
2024-04-18 04 39004
2024-04-18 05 24794
2024-04-19 02 4061
2024-04-19 03 7034
2024-04-19 04 7573
2024-04-19 05 5163
2024-04-20 02 23184
2024-04-20 03 34040
2024-04-20 04 42041
2024-04-20 05 25497
2024-04-21 02 24474
2024-04-21 03 38140
2024-04-21 04 50042
2024-04-21 05 27923
2024-04-22 02 31167
2024-04-22 03 48454
2024-04-22 04 62822
2024-04-22 05 35332
2024-04-23 02 30608
2024-04-23 03 44204
2024-04-23 04 54786
2024-04-23 05 48373
2024-04-24 02 12876
2024-04-24 03 29584
2024-04-24 04 33801
2024-04-24 05 22487
2024-04-25 02 8813
2024-04-25 03 26935
2024-04-25 04 32926
2024-04-25 05 20322
2024-04-26 02 21240
2024-04-26 03 31806
2024-04-26 04 38379
2024-04-26 05 23849
2024-04-27 02 42145
2024-04-27 03 63761
2024-04-27 04 82211
2024-04-27 05 46108
